<?xml version="1.0" encoding="UTF-8"?>
<testng-results ignored="0" total="1" passed="1" failed="0" skipped="0">
  <reporter-output>
  </reporter-output>
  <suite started-at="2021-12-21T05:04:41Z" name="Suite" finished-at="2021-12-21T05:05:33Z" duration-ms="52092">
    <groups>
    </groups>
    <test started-at="2021-12-21T05:04:41Z" name="Test" finished-at="2021-12-21T05:05:33Z" duration-ms="52092">
      <class name="sample.Testactitime">
        <test-method signature="Testloginandlogout()[pri:0, instance:sample.Testactitime@7f8a9499]" started-at="2021-12-21T05:04:41Z" name="Testloginandlogout" finished-at="2021-12-21T05:05:33Z" duration-ms="52072" status="PASS">
          <reporter-output>
          </reporter-output>
        </test-method> <!-- Testloginandlogout -->
      </class> <!-- sample.Testactitime -->
    </test> <!-- Test -->
  </suite> <!-- Suite -->
</testng-results>
